<?xml version="1.0" encoding="UTF-8"?>
<!-- Generated by org.testng.reporters.JUnitXMLReporter -->
<testsuite hostname="DESKTOP-D3HDG58" ignored="0" name="Test" tests="1" failures="1" timestamp="2020-08-12T07:11:48 AEST" time="0.065" errors="0">
  <testcase name="parameters" time="0.013" classname="com.testng.concepts.Parameters">
    <failure type="java.lang.AssertionError" message="The following asserts failed:
	Test Soft Assertion expected [true] but found [false]">
      <![CDATA[java.lang.AssertionError: The following asserts failed:
Test Soft Assertion expected [true] but found [false]
at com.testng.concepts.Parameters.parameters(Parameters.java:37)
at java.util.ArrayList.forEach(ArrayList.java:1257)
... Removed 29 stack frames]]>
    </failure>
  </testcase> <!-- parameters -->
</testsuite> <!-- Test -->
