<?xml version="1.0" encoding="UTF-8"?>
<!-- Generated by org.testng.reporters.JUnitXMLReporter -->
<testsuite hostname="DESKTOP-D3HDG58" name="Command line test" tests="4" failures="0" timestamp="15 Aug 2020 10:48:49 GMT" time="0.077" errors="0">
  <testcase name="@BeforeTest setup" time="0.0" classname="com.testng.classes.AddToCartTest">
    <failure type="java.lang.ClassCastException" message="com.singleton.helper.DriverService cannot be cast to org.openqa.selenium.WebDriver">
      <![CDATA[java.lang.ClassCastException: com.singleton.helper.DriverService cannot be cast to org.openqa.selenium.WebDriver
	at com.singleton.helper.ContactUsTest.setup(ContactUsTest.java:32)
	at org.apache.maven.surefire.testng.TestNGExecutor.run(TestNGExecutor.java:77)
	at org.apache.maven.surefire.testng.TestNGDirectoryTestSuite.executeMulti(TestNGDirectoryTestSuite.java:159)
	at org.apache.maven.surefire.testng.TestNGDirectoryTestSuite.execute(TestNGDirectoryTestSuite.java:99)
	at org.apache.maven.surefire.testng.TestNGProvider.invoke(TestNGProvider.java:106)
	at org.apache.maven.surefire.util.ReflectionUtils.invokeMethodWithArray(ReflectionUtils.java:189)
	at org.apache.maven.surefire.booter.ProviderFactory$ProviderProxy.invoke(ProviderFactory.java:165)
	at org.apache.maven.surefire.booter.ProviderFactory.invokeProvider(ProviderFactory.java:85)
	at org.apache.maven.surefire.booter.ForkedBooter.runSuitesInProcess(ForkedBooter.java:115)
	at org.apache.maven.surefire.booter.ForkedBooter.main(ForkedBooter.java:75)
... Removed 23 stack frames]]>
    </failure>
  </testcase> <!-- @BeforeTest setup -->
  <testcase name="@BeforeTest setup" time="0.0" classname="com.testng.classes.AddToCartTest">
    <skipped/>
  </testcase> <!-- @BeforeTest setup -->
  <testcase name="@BeforeTest setup" time="0.0" classname="com.testng.classes.AddToCartTest">
    <skipped/>
  </testcase> <!-- @BeforeTest setup -->
  <testcase name="@AfterTest tearDown" time="0.0" classname="com.testng.classes.AddToCartTest">
    <skipped/>
  </testcase> <!-- @AfterTest tearDown -->
  <testcase name="@AfterTest tearDown" time="0.0" classname="com.testng.classes.AddToCartTest">
    <skipped/>
  </testcase> <!-- @AfterTest tearDown -->
  <testcase name="@AfterTest tearDown" time="0.0" classname="com.testng.classes.AddToCartTest">
    <skipped/>
  </testcase> <!-- @AfterTest tearDown -->
  <testcase name="@AfterTest tearDown" time="0.0" classname="com.testng.classes.AddToCartTest">
    <skipped/>
  </testcase> <!-- @AfterTest tearDown -->
  <testcase name="addToCartTest" time="0.003" classname="com.testng.classes.AddToCartTest">
    <skipped/>
  </testcase> <!-- addToCartTest -->
  <testcase name="contactUs" time="0.001" classname="com.singleton.helper.ContactUsTest">
    <skipped/>
  </testcase> <!-- contactUs -->
  <testcase name="contactUs" time="0.0" classname="com.testng.classes.ContactUsTest">
    <skipped/>
  </testcase> <!-- contactUs -->
  <testcase name="loginTest" time="0.001" classname="com.testng.classes.LoginTest">
    <skipped/>
  </testcase> <!-- loginTest -->
</testsuite> <!-- Command line test -->
