<?xml version="1.0" encoding="UTF-8"?>
<!-- Generated by org.testng.reporters.JUnitXMLReporter -->
<testsuite hostname="PoornaSowji-PC" ignored="0" name="Test-method test1" tests="5" failures="1" timestamp="2020-03-26T21:10:29 AEDT" time="16.028" errors="0">
  <testcase name="loginChandraTest" time="9.049" classname="parallelExecutionClasses.BaseClassTest2"/>
  <testcase name="loginRaoTest" time="8.998" classname="parallelExecutionClasses.BaseClassTest3"/>
  <testcase name="loginPoornaTest" time="9.692" classname="parallelExecutionClasses.BaseClassTest1"/>
  <testcase name="test1" time="0.0" classname="parallelExecutionClasses.BaseClassTest1">
    <failure type="org.testng.TestNGException" message="
Parameter &amp;apos;browser&amp;apos; is required by @Test on method test1 but has not been marked @Optional or defined
in C:\Users\PoornaSowji\eclipse-workspace\TESTNG\ParallelClasses.xml">
      <![CDATA[org.testng.TestNGException: 
Parameter 'browser' is required by @Test on method test1 but has not been marked @Optional or defined
in C:\Users\PoornaSowji\eclipse-workspace\TESTNG\ParallelClasses.xml
at java.util.ArrayList.forEach(ArrayList.java:1257)
at java.util.concurrent.FutureTask.run(FutureTask.java:266)
at java.util.concurrent.ThreadPoolExecutor.runWorker(ThreadPoolExecutor.java:1149)
at java.util.concurrent.ThreadPoolExecutor$Worker.run(ThreadPoolExecutor.java:624)
at java.lang.Thread.run(Thread.java:748)
... Removed 17 stack frames]]>
    </failure>
  </testcase> <!-- test1 -->
  <testcase name="test2" time="0.009" classname="parallelExecutionClasses.BaseClassTest1"/>
</testsuite> <!-- Test-method test1 -->
